Using pre-set license
Built from '2020.3/staging' branch; Version is '2020.3.14f1 (d0d1bb862f9d) revision 13685179'; Using compiler version '192528614'; Build Type 'Release'
OS: 'Windows 10 Education; OS build 19044.1645; Version 2009; 64bit' Language: 'en' Physical Memory: 16316 MB
BatchMode: 1, IsHumanControllingUs: 0, StartBugReporterOnCrash: 0, Is64bit: 1, IsPro: 0

 COMMAND LINE ARGUMENTS:
E:\Unity\2020.3.14f1\Editor\Unity.exe
-adb2
-batchMode
-noUpm
-name
AssetImportWorker0
-projectPath
D:/Unity game/testing
-logFile
Logs/AssetImportWorker0.log
-srvPort
61138
Successfully changed project path to: D:/Unity game/testing
D:/Unity game/testing
Using Asset Import Pipeline V2.
Refreshing native plugins compatible for Editor in 46.96 ms, found 2 plugins.
Preloading 0 native plugins for Editor in 0.00 ms.
Initialize engine version: 2020.3.14f1 (d0d1bb862f9d)
[Subsystems] Discovering subsystems at path E:/Unity/2020.3.14f1/Editor/Data/Resources/UnitySubsystems
[Subsystems] Discovering subsystems at path D:/Unity game/testing/Assets
GfxDevice: creating device client; threaded=0
Direct3D:
    Version:  Direct3D 11.0 [level 11.1]
    Renderer: NVIDIA GeForce RTX 3080 (ID=0x2206)
    Vendor:   
    VRAM:     10077 MB
    Driver:   30.0.14.9709
Initialize mono
Mono path[0] = 'E:/Unity/2020.3.14f1/Editor/Data/Managed'
Mono path[1] = 'E:/Unity/2020.3.14f1/Editor/Data/MonoBleedingEdge/lib/mono/unityjit'
Mono config path = 'E:/Unity/2020.3.14f1/Editor/Data/MonoBleedingEdge/etc'
Using monoOptions --debugger-agent=transport=dt_socket,embedding=1,server=y,suspend=n,address=127.0.0.1:56876
Begin MonoManager ReloadAssembly
Registering precompiled unity dll's ...
Register platform support module: E:/Unity/2020.3.14f1/Editor/Data/PlaybackEngines/WebGLSupport/UnityEditor.WebGL.Extensions.dll
Register platform support module: E:/Unity/2020.3.14f1/Editor/Data/PlaybackEngines/WindowsStandaloneSupport/UnityEditor.WindowsStandalone.Extensions.dll
Registered in 0.002289 seconds.
Native extension for WindowsStandalone target not found
Native extension for WebGL target not found
Refreshing native plugins compatible for Editor in 44.27 ms, found 2 plugins.
Preloading 0 native plugins for Editor in 0.00 ms.
Mono: successfully reloaded assembly
- Completed reload, in  2.731 seconds
Domain Reload Profiling:
	ReloadAssembly (2731ms)
		BeginReloadAssembly (80ms)
			ExecutionOrderSort (0ms)
			DisableScriptedObjects (0ms)
			BackupInstance (0ms)
			ReleaseScriptingObjects (0ms)
			CreateAndSetChildDomain (1ms)
		EndReloadAssembly (469ms)
			LoadAssemblies (81ms)
			RebuildTransferFunctionScriptingTraits (0ms)
			SetupTypeCache (176ms)
			ReleaseScriptCaches (0ms)
			RebuildScriptCaches (31ms)
			SetupLoadedEditorAssemblies (187ms)
				LogAssemblyErrors (0ms)
				InitializePlatformSupportModulesInManaged (5ms)
				SetLoadedEditorAssemblies (0ms)
				RefreshPlugins (44ms)
				BeforeProcessingInitializeOnLoad (11ms)
				ProcessInitializeOnLoadAttributes (98ms)
				ProcessInitializeOnLoadMethodAttributes (28ms)
				AfterProcessingInitializeOnLoad (0ms)
				EditorAssembliesLoaded (0ms)
			ExecutionOrderSort2 (0ms)
			AwakeInstancesAfterBackupRestoration (0ms)
Platform modules already initialized, skipping
Registering precompiled user dll's ...
Registered in 0.003244 seconds.
Begin MonoManager ReloadAssembly
Native extension for WindowsStandalone target not found
Native extension for WebGL target not found
Refreshing native plugins compatible for Editor in 0.55 ms, found 2 plugins.
Preloading 0 native plugins for Editor in 0.00 ms.
Mono: successfully reloaded assembly
- Completed reload, in  1.107 seconds
Domain Reload Profiling:
	ReloadAssembly (1108ms)
		BeginReloadAssembly (173ms)
			ExecutionOrderSort (0ms)
			DisableScriptedObjects (5ms)
			BackupInstance (0ms)
			ReleaseScriptingObjects (0ms)
			CreateAndSetChildDomain (17ms)
		EndReloadAssembly (874ms)
			LoadAssemblies (109ms)
			RebuildTransferFunctionScriptingTraits (0ms)
			SetupTypeCache (291ms)
			ReleaseScriptCaches (1ms)
			RebuildScriptCaches (51ms)
			SetupLoadedEditorAssemblies (340ms)
				LogAssemblyErrors (0ms)
				InitializePlatformSupportModulesInManaged (6ms)
				SetLoadedEditorAssemblies (0ms)
				RefreshPlugins (1ms)
				BeforeProcessingInitializeOnLoad (106ms)
				ProcessInitializeOnLoadAttributes (221ms)
				ProcessInitializeOnLoadMethodAttributes (4ms)
				AfterProcessingInitializeOnLoad (3ms)
				EditorAssembliesLoaded (0ms)
			ExecutionOrderSort2 (0ms)
			AwakeInstancesAfterBackupRestoration (10ms)
Platform modules already initialized, skipping
========================================================================
Worker process is ready to serve import requests
Launched and connected shader compiler UnityShaderCompiler.exe after 0.31 seconds
Refreshing native plugins compatible for Editor in 0.59 ms, found 2 plugins.
Preloading 0 native plugins for Editor in 0.00 ms.
Unloading 1719 Unused Serialized files (Serialized files now loaded: 0)
System memory in use before: 92.0 MB.
System memory in use after: 92.1 MB.

Unloading 20 unused Assets to reduce memory usage. Loaded Objects now: 2172.
Total: 2.498300 ms (FindLiveObjects: 0.185200 ms CreateObjectMapping: 0.039500 ms MarkObjects: 2.108400 ms  DeleteObjects: 0.163200 ms)

AssetImportParameters requested are different than current active one (requested -> active):
  custom:framework-win-MediaFoundation: 216162199b28c13a410421893ffa2e32 -> 
  custom:video-decoder-ogg-theora: a1e56fd34408186e4bbccfd4996cb3dc -> 
  custom:container-muxer-webm: aa71ff27fc2769a1b78a27578f13a17b -> 
  custom:container-demuxer-webm: 4f35f7cbe854078d1ac9338744f61a02 -> 
  custom:container-demuxer-ogg: 62fdf1f143b41e24485cea50d1cbac27 -> 
  custom:video-encoder-webm-vp8: eb34c28f22e8b96e1ab97ce403110664 -> 
  custom:video-decoder-webm-vp8: 9c59270c3fd7afecdb556c50c9e8de78 -> 
  custom:audio-decoder-ogg-vorbis: bf7c407c2cedff20999df2af8eb42d56 -> 
  custom:audio-encoder-webm-vorbis: bf7c407c2cedff20999df2af8eb42d56 -> 
========================================================================
Received Import Request.
  path: Assets/Assets/Scripts/Abilities
  artifactKey: Guid(6f73c26920d52ab46aea63e4591ece72) Importer(815301076,1909f56bfc062723c751e8b465ee728b)
Start importing Assets/Assets/Scripts/Abilities using Guid(6f73c26920d52ab46aea63e4591ece72) Importer(815301076,1909f56bfc062723c751e8b465ee728b)  -> (artifact id: '1ac58282d857b6d56ffff2776d8d7cf9') in 0.016373 seconds 
  Import took 0.046510 seconds .

========================================================================
Received Import Request.
  Time since last request: 0.000237 seconds.
  path: Assets/Assets/Scripts/Abilities/Ability.cs
  artifactKey: Guid(e4188491c7d89bd479116a0b5053099d) Importer(815301076,1909f56bfc062723c751e8b465ee728b)
Start importing Assets/Assets/Scripts/Abilities/Ability.cs using Guid(e4188491c7d89bd479116a0b5053099d) Importer(815301076,1909f56bfc062723c751e8b465ee728b)  -> (artifact id: '045d0597e92b1bce8db1be45287ff163') in 0.080819 seconds 
  Import took 0.084125 seconds .

========================================================================
Received Import Request.
  Time since last request: 8.745795 seconds.
  path: Assets/Assets/Scripts/Abilities/AbilityData.cs
  artifactKey: Guid(f7401fc2ba15ae94080660a879d64425) Importer(815301076,1909f56bfc062723c751e8b465ee728b)
Start importing Assets/Assets/Scripts/Abilities/AbilityData.cs using Guid(f7401fc2ba15ae94080660a879d64425) Importer(815301076,1909f56bfc062723c751e8b465ee728b)  -> (artifact id: '1b2cb6826e89d06dd47db9c433a9be59') in 0.006325 seconds 
  Import took 0.015530 seconds .

========================================================================
Received Import Request.
  Time since last request: 2.497766 seconds.
  path: Assets/Assets/Scripts/Abilities/CooldownStore.cs
  artifactKey: Guid(13569e96cd78eaa4685f60d07efb1c3e) Importer(815301076,1909f56bfc062723c751e8b465ee728b)
Start importing Assets/Assets/Scripts/Abilities/CooldownStore.cs using Guid(13569e96cd78eaa4685f60d07efb1c3e) Importer(815301076,1909f56bfc062723c751e8b465ee728b)  -> (artifact id: 'c2e0c2331116959b102623daa42d1805') in 0.778643 seconds 
  Import took 0.892470 seconds .

========================================================================
Received Import Request.
  Time since last request: 0.660010 seconds.
  path: Assets/Assets/Scripts/Abilities/EffectStrategy.cs
  artifactKey: Guid(b065c4b1986a4184fbf86938b46fefa0) Importer(815301076,1909f56bfc062723c751e8b465ee728b)
Start importing Assets/Assets/Scripts/Abilities/EffectStrategy.cs using Guid(b065c4b1986a4184fbf86938b46fefa0) Importer(815301076,1909f56bfc062723c751e8b465ee728b)  -> (artifact id: 'c22bf4e28c3fa11eda17f0e8c22cb5cb') in 0.006204 seconds 
  Import took 0.023394 seconds .

========================================================================
Received Import Request.
  Time since last request: 0.726163 seconds.
  path: Assets/Assets/Scripts/Abilities/FilterStrategy.cs
  artifactKey: Guid(5cebde5e584bcd84b90792c8fb625330) Importer(815301076,1909f56bfc062723c751e8b465ee728b)
Start importing Assets/Assets/Scripts/Abilities/FilterStrategy.cs using Guid(5cebde5e584bcd84b90792c8fb625330) Importer(815301076,1909f56bfc062723c751e8b465ee728b)  -> (artifact id: '333a2f088aedfcabbed4662b2626400f') in 0.006490 seconds 
  Import took 0.021828 seconds .

========================================================================
Received Import Request.
  Time since last request: 0.616969 seconds.
  path: Assets/Assets/Scripts/Abilities/TargetingStrategy.cs
  artifactKey: Guid(da969430f788d3143b0eafa5f4abac49) Importer(815301076,1909f56bfc062723c751e8b465ee728b)
Start importing Assets/Assets/Scripts/Abilities/TargetingStrategy.cs using Guid(da969430f788d3143b0eafa5f4abac49) Importer(815301076,1909f56bfc062723c751e8b465ee728b)  -> (artifact id: '9a48f7456d9a82ead377780de8cf01e6') in 0.006148 seconds 
  Import took 0.017690 seconds .

========================================================================
Received Import Request.
  Time since last request: 9.904960 seconds.
  path: Assets/Assets/Scripts/Attributes
  artifactKey: Guid(e52b8e4b65c2159448132dbe1c3d81f1) Importer(815301076,1909f56bfc062723c751e8b465ee728b)
Start importing Assets/Assets/Scripts/Attributes using Guid(e52b8e4b65c2159448132dbe1c3d81f1) Importer(815301076,1909f56bfc062723c751e8b465ee728b)  -> (artifact id: 'e0529280978e4cc1b8fda0a8bb3aeda4') in 0.006174 seconds 
  Import took 0.031123 seconds .

========================================================================
Received Import Request.
  Time since last request: 10.555418 seconds.
  path: Assets/Assets/Scripts/Cinematics
  artifactKey: Guid(19005012c93032449927e46db98f7374) Importer(815301076,1909f56bfc062723c751e8b465ee728b)
Start importing Assets/Assets/Scripts/Cinematics using Guid(19005012c93032449927e46db98f7374) Importer(815301076,1909f56bfc062723c751e8b465ee728b)  -> (artifact id: '5339539588647b8b5e818b9580ab5117') in 0.008980 seconds 
  Import took 0.304156 seconds .

========================================================================
Received Import Request.
  Time since last request: 1.624245 seconds.
  path: Assets/Assets/Scripts/Combat
  artifactKey: Guid(c2f702708965451498e9cee0ae2b2307) Importer(815301076,1909f56bfc062723c751e8b465ee728b)
Start importing Assets/Assets/Scripts/Combat using Guid(c2f702708965451498e9cee0ae2b2307) Importer(815301076,1909f56bfc062723c751e8b465ee728b)  -> (artifact id: '0e87359a942af4cc67bd179e75acc996') in 0.005948 seconds 
  Import took 0.037466 seconds .

========================================================================
Received Import Request.
  Time since last request: 97.687475 seconds.
  path: Assets/Assets/Scripts/Control
  artifactKey: Guid(31fe3506dcf3b234795d1e84f2de407e) Importer(815301076,1909f56bfc062723c751e8b465ee728b)
Start importing Assets/Assets/Scripts/Control using Guid(31fe3506dcf3b234795d1e84f2de407e) Importer(815301076,1909f56bfc062723c751e8b465ee728b)  -> (artifact id: 'bbade04c470aaea326bf02c023de9bc9') in 0.006110 seconds 
  Import took 0.024660 seconds .

========================================================================
Received Import Request.
  Time since last request: 3.593746 seconds.
  path: Assets/Assets/Scripts/Control/CursorType.cs
  artifactKey: Guid(7a234184080c4b24d9e8fb1a130abfdd) Importer(815301076,1909f56bfc062723c751e8b465ee728b)
Start importing Assets/Assets/Scripts/Control/CursorType.cs using Guid(7a234184080c4b24d9e8fb1a130abfdd) Importer(815301076,1909f56bfc062723c751e8b465ee728b)  -> (artifact id: '31ca9adc8681d83b89a1f40ab7493edb') in 0.007057 seconds 
  Import took 0.021485 seconds .

========================================================================
Received Import Request.
  Time since last request: 0.835930 seconds.
  path: Assets/Assets/Scripts/Control/PatrolPath.cs
  artifactKey: Guid(010c8428cbc2a1541a78e3bae8a3073b) Importer(815301076,1909f56bfc062723c751e8b465ee728b)
Start importing Assets/Assets/Scripts/Control/PatrolPath.cs using Guid(010c8428cbc2a1541a78e3bae8a3073b) Importer(815301076,1909f56bfc062723c751e8b465ee728b)  -> (artifact id: 'e380ee5d549f4efb8e0670e56b5fc097') in 0.005933 seconds 
  Import took 0.054628 seconds .

========================================================================
Received Import Request.
  Time since last request: 14.553551 seconds.
  path: Assets/Assets/Scripts/Core
  artifactKey: Guid(ccdf89e8c9a81e24490d0646be5137ec) Importer(815301076,1909f56bfc062723c751e8b465ee728b)
Start importing Assets/Assets/Scripts/Core using Guid(ccdf89e8c9a81e24490d0646be5137ec) Importer(815301076,1909f56bfc062723c751e8b465ee728b)  -> (artifact id: 'ce47bea232ad1004b1713ab9121c90ee') in 0.006210 seconds 
  Import took 0.022594 seconds .

========================================================================
Received Import Request.
  Time since last request: 1.826660 seconds.
  path: Assets/Assets/Scripts/Core/ActionScheduler.cs
  artifactKey: Guid(fb29fb4cdd4c5e14cb59027fb88888fd) Importer(815301076,1909f56bfc062723c751e8b465ee728b)
Start importing Assets/Assets/Scripts/Core/ActionScheduler.cs using Guid(fb29fb4cdd4c5e14cb59027fb88888fd) Importer(815301076,1909f56bfc062723c751e8b465ee728b)  -> (artifact id: 'a21d28ddcbba54b462f14eb305b278d1') in 0.005890 seconds 
  Import took 0.013696 seconds .

========================================================================
Received Import Request.
  Time since last request: 0.312359 seconds.
  path: Assets/Assets/Scripts/Core/CameraFacing.cs
  artifactKey: Guid(9820a81ff9f4bc442a6b247d2c5734ba) Importer(815301076,1909f56bfc062723c751e8b465ee728b)
Start importing Assets/Assets/Scripts/Core/CameraFacing.cs using Guid(9820a81ff9f4bc442a6b247d2c5734ba) Importer(815301076,1909f56bfc062723c751e8b465ee728b)  -> (artifact id: '54bc0c5a4904191654fff45c301fe0b0') in 0.024293 seconds 
  Import took 0.052303 seconds .

========================================================================
Received Import Request.
  Time since last request: 1.960056 seconds.
  path: Assets/Assets/Scripts/Core/DestroyAfterEffect.cs
  artifactKey: Guid(4691e5c59a958ac4aa1d39dd53d4952f) Importer(815301076,1909f56bfc062723c751e8b465ee728b)
Start importing Assets/Assets/Scripts/Core/DestroyAfterEffect.cs using Guid(4691e5c59a958ac4aa1d39dd53d4952f) Importer(815301076,1909f56bfc062723c751e8b465ee728b)  -> (artifact id: '44e04222c2efec901e2533abe674ed6e') in 0.005752 seconds 
  Import took 0.018459 seconds .

========================================================================
Received Import Request.
  Time since last request: 0.360362 seconds.
  path: Assets/Assets/Scripts/Core/FollowCamera.cs
  artifactKey: Guid(c602bb83bcb7eb84582cddd7a73a7e2e) Importer(815301076,1909f56bfc062723c751e8b465ee728b)
Start importing Assets/Assets/Scripts/Core/FollowCamera.cs using Guid(c602bb83bcb7eb84582cddd7a73a7e2e) Importer(815301076,1909f56bfc062723c751e8b465ee728b)  -> (artifact id: 'c11b35a6d51f7dc52c16e84d96e97323') in 0.006019 seconds 
  Import took 0.008965 seconds .

========================================================================
Received Import Request.
  Time since last request: 0.000383 seconds.
  path: Assets/Assets/Scripts/Core/FollowCamera.cs
  artifactKey: Guid(c602bb83bcb7eb84582cddd7a73a7e2e) Importer(815301076,1909f56bfc062723c751e8b465ee728b)
Start importing Assets/Assets/Scripts/Core/FollowCamera.cs using Guid(c602bb83bcb7eb84582cddd7a73a7e2e) Importer(815301076,1909f56bfc062723c751e8b465ee728b)  -> (artifact id: 'c11b35a6d51f7dc52c16e84d96e97323') in 0.001882 seconds 
  Import took 0.004653 seconds .

========================================================================
Received Import Request.
  Time since last request: 0.418684 seconds.
  path: Assets/Assets/Scripts/Core/IAction.cs
  artifactKey: Guid(dbcae48df6bc41d4189083d10bbd23f4) Importer(815301076,1909f56bfc062723c751e8b465ee728b)
Start importing Assets/Assets/Scripts/Core/IAction.cs using Guid(dbcae48df6bc41d4189083d10bbd23f4) Importer(815301076,1909f56bfc062723c751e8b465ee728b)  -> (artifact id: '5cb62c884991590d9632f4bf6313a394') in 0.006070 seconds 
  Import took 0.017145 seconds .

========================================================================
Received Import Request.
  Time since last request: 4.929886 seconds.
  path: Assets/Assets/Scripts/Dialogue
  artifactKey: Guid(aef17385d2898a647ac1083540c8cfac) Importer(815301076,1909f56bfc062723c751e8b465ee728b)
Start importing Assets/Assets/Scripts/Dialogue using Guid(aef17385d2898a647ac1083540c8cfac) Importer(815301076,1909f56bfc062723c751e8b465ee728b)  -> (artifact id: '9201591d86c3eaf5a51c0d84ea6ce223') in 0.049981 seconds 
  Import took 0.069308 seconds .

========================================================================
Received Import Request.
  Time since last request: 3.446295 seconds.
  path: Assets/Assets/Scripts/Inventories
  artifactKey: Guid(3862a0038ba12ec469602cbf844e7d5c) Importer(815301076,1909f56bfc062723c751e8b465ee728b)
Start importing Assets/Assets/Scripts/Inventories using Guid(3862a0038ba12ec469602cbf844e7d5c) Importer(815301076,1909f56bfc062723c751e8b465ee728b)  -> (artifact id: 'daa3947bc7d163c281dfd01b88f728a3') in 0.017465 seconds 
  Import took 0.035317 seconds .

========================================================================
Received Import Request.
  Time since last request: 2.136880 seconds.
  path: Assets/Assets/Scripts/Movement
  artifactKey: Guid(5cc10019c6201fe41b9d0bd6a7fac298) Importer(815301076,1909f56bfc062723c751e8b465ee728b)
Start importing Assets/Assets/Scripts/Movement using Guid(5cc10019c6201fe41b9d0bd6a7fac298) Importer(815301076,1909f56bfc062723c751e8b465ee728b)  -> (artifact id: '782a73ca41f05e094d1bf41719f87b4c') in 0.024043 seconds 
  Import took 0.044059 seconds .

========================================================================
Received Import Request.
  Time since last request: 1578.482378 seconds.
  path: Assets/Assets/Scripts
  artifactKey: Guid(4da109411c8abf14ebe05c3345050bd4) Importer(815301076,1909f56bfc062723c751e8b465ee728b)
Start importing Assets/Assets/Scripts using Guid(4da109411c8abf14ebe05c3345050bd4) Importer(815301076,1909f56bfc062723c751e8b465ee728b)  -> (artifact id: 'b0a521a73f3fe60ba84fb0d9e0b2b6f3') in 0.007317 seconds 
  Import took 0.031731 seconds .

========================================================================
Received Import Request.
  Time since last request: 22.045602 seconds.
  path: Assets/Assets/Scripts/Stats
  artifactKey: Guid(d80aab15799288a44bfbe1f580e62382) Importer(815301076,1909f56bfc062723c751e8b465ee728b)
Start importing Assets/Assets/Scripts/Stats using Guid(d80aab15799288a44bfbe1f580e62382) Importer(815301076,1909f56bfc062723c751e8b465ee728b)  -> (artifact id: '75d83bb61d052e540b6607382d72ad6b') in 0.018520 seconds 
  Import took 0.044133 seconds .

AssetImportWorkerClient::OnTransportError - code=2 error=End of file
